# JRE version: Java(TM) SE Runtime Environment (17.0.12+8) (build 17.0.12+8-LTS-286)
# Java VM: Java HotSpot(TM) 64-Bit Server VM (17.0.12+8-LTS-286, mixed mode, sharing, tiered, compressed oops, compressed class ptrs, g1 gc, windows-amd64)
GC Precious Log:
 CPUs: 14 total, 14 available
 Memory: 32212M
 Large Page Support: Disabled
 NUMA Support: Disabled
 Compressed Oops: Enabled (32-bit)
 Heap Region Size: 1M
 Heap Min Capacity: 256M
 Heap Initial Capacity: 256M
 Heap Max Capacity: 512M
 Pre-touch: Disabled
 Parallel Workers: 11
 Concurrent Workers: 3
 Concurrent Refinement Workers: 11
 Periodic GC: Disabled
Heap:
 garbage-first heap   total 290816K, used 175864K [0x00000000e0000000, 0x0000000100000000)
  region size 1024K, 21 young (21504K), 6 survivors (6144K)
 Metaspace       used 102102K, committed 103232K, reserved 458752K
  class space    used 13723K, committed 14208K, reserved 327680K
GC Heap History (20 events):
Event: 2938.279 GC heap before
{Heap before GC invocations=28 (full 0):
 garbage-first heap   total 262144K, used 149093K [0x00000000e0000000, 0x0000000100000000)
  region size 1024K, 12 young (12288K), 6 survivors (6144K)
 Metaspace       used 96507K, committed 97536K, reserved 458752K
  class space    used 13093K, committed 13568K, reserved 327680K
}
Event: 2938.283 GC heap after
{Heap after GC invocations=29 (full 0):
 garbage-first heap   total 262144K, used 141340K [0x00000000e0000000, 0x0000000100000000)
  region size 1024K, 2 young (2048K), 2 survivors (2048K)
 Metaspace       used 96507K, committed 97536K, reserved 458752K
  class space    used 13093K, committed 13568K, reserved 327680K
}
Event: 2946.316 GC heap before
{Heap before GC invocations=29 (full 0):
 garbage-first heap   total 262144K, used 210972K [0x00000000e0000000, 0x0000000100000000)
  region size 1024K, 70 young (71680K), 2 survivors (2048K)
 Metaspace       used 100890K, committed 102016K, reserved 458752K
  class space    used 13626K, committed 14144K, reserved 327680K
}
Event: 2946.321 GC heap after
{Heap after GC invocations=30 (full 0):
 garbage-first heap   total 262144K, used 148543K [0x00000000e0000000, 0x0000000100000000)
  region size 1024K, 9 young (9216K), 9 survivors (9216K)
 Metaspace       used 100890K, committed 102016K, reserved 458752K
  class space    used 13626K, committed 14144K, reserved 327680K
}
Event: 2946.988 GC heap before
{Heap before GC invocations=31 (full 0):
 garbage-first heap   total 262144K, used 212031K [0x00000000e0000000, 0x0000000100000000)
  region size 1024K, 71 young (72704K), 9 survivors (9216K)
 Metaspace       used 100911K, committed 102016K, reserved 458752K
  class space    used 13614K, committed 14144K, reserved 327680K
}
Event: 2946.992 GC heap after
{Heap after GC invocations=32 (full 0):
 garbage-first heap   total 262144K, used 154348K [0x00000000e0000000, 0x0000000100000000)
  region size 1024K, 7 young (7168K), 7 survivors (7168K)
 Metaspace       used 100911K, committed 102016K, reserved 458752K
  class space    used 13614K, committed 14144K, reserved 327680K
}
Event: 2947.029 GC heap before
{Heap before GC invocations=32 (full 0):
 garbage-first heap   total 262144K, used 159468K [0x00000000e0000000, 0x0000000100000000)
  region size 1024K, 12 young (12288K), 7 survivors (7168K)
 Metaspace       used 100913K, committed 102016K, reserved 458752K
  class space    used 13614K, committed 14144K, reserved 327680K
}
Event: 2947.033 GC heap after
{Heap after GC invocations=33 (full 0):
 garbage-first heap   total 262144K, used 153642K [0x00000000e0000000, 0x0000000100000000)
  region size 1024K, 2 young (2048K), 2 survivors (2048K)
 Metaspace       used 100913K, committed 102016K, reserved 458752K
  class space    used 13614K, committed 14144K, reserved 327680K
}
Event: 2947.348 GC heap before
{Heap before GC invocations=33 (full 0):
 garbage-first heap   total 262144K, used 213034K [0x00000000e0000000, 0x0000000100000000)
  region size 1024K, 61 young (62464K), 2 survivors (2048K)
 Metaspace       used 101144K, committed 102208K, reserved 458752K
  class space    used 13639K, committed 14144K, reserved 327680K
}
Event: 2947.351 GC heap after
{Heap after GC invocations=34 (full 0):
 garbage-first heap   total 273408K, used 155531K [0x00000000e0000000, 0x0000000100000000)
  region size 1024K, 4 young (4096K), 4 survivors (4096K)
 Metaspace       used 101144K, committed 102208K, reserved 458752K
  class space    used 13639K, committed 14144K, reserved 327680K
}
Event: 2947.689 GC heap before
{Heap before GC invocations=34 (full 0):
 garbage-first heap   total 273408K, used 224139K [0x00000000e0000000, 0x0000000100000000)
  region size 1024K, 71 young (72704K), 4 survivors (4096K)
 Metaspace       used 101817K, committed 102912K, reserved 458752K
  class space    used 13711K, committed 14208K, reserved 327680K
}
Event: 2947.693 GC heap after
{Heap after GC invocations=35 (full 0):
 garbage-first heap   total 273408K, used 162185K [0x00000000e0000000, 0x0000000100000000)
  region size 1024K, 9 young (9216K), 9 survivors (9216K)
 Metaspace       used 101817K, committed 102912K, reserved 458752K
  class space    used 13711K, committed 14208K, reserved 327680K
}
Event: 2948.060 GC heap before
{Heap before GC invocations=35 (full 0):
 garbage-first heap   total 273408K, used 224649K [0x00000000e0000000, 0x0000000100000000)
  region size 1024K, 71 young (72704K), 9 survivors (9216K)
 Metaspace       used 101863K, committed 102976K, reserved 458752K
  class space    used 13711K, committed 14208K, reserved 327680K
}
Event: 2948.064 GC heap after
{Heap after GC invocations=36 (full 0):
 garbage-first heap   total 273408K, used 164089K [0x00000000e0000000, 0x0000000100000000)
  region size 1024K, 2 young (2048K), 2 survivors (2048K)
 Metaspace       used 101863K, committed 102976K, reserved 458752K
  class space    used 13711K, committed 14208K, reserved 327680K
}
Event: 3014.489 GC heap before
{Heap before GC invocations=37 (full 0):
 garbage-first heap   total 290816K, used 227577K [0x00000000e0000000, 0x0000000100000000)
  region size 1024K, 65 young (66560K), 2 survivors (2048K)
 Metaspace       used 101999K, committed 103104K, reserved 458752K
  class space    used 13721K, committed 14208K, reserved 327680K
}
Event: 3014.494 GC heap after
{Heap after GC invocations=38 (full 0):
 garbage-first heap   total 290816K, used 168991K [0x00000000e0000000, 0x0000000100000000)
  region size 1024K, 8 young (8192K), 8 survivors (8192K)
 Metaspace       used 101999K, committed 103104K, reserved 458752K
  class space    used 13721K, committed 14208K, reserved 327680K
}
Event: 3014.620 GC heap before
{Heap before GC invocations=38 (full 0):
 garbage-first heap   total 290816K, used 175135K [0x00000000e0000000, 0x0000000100000000)
  region size 1024K, 14 young (14336K), 8 survivors (8192K)
 Metaspace       used 102000K, committed 103104K, reserved 458752K
  class space    used 13721K, committed 14208K, reserved 327680K
}
Event: 3014.633 GC heap after
{Heap after GC invocations=39 (full 0):
 garbage-first heap   total 290816K, used 157278K [0x00000000e0000000, 0x0000000100000000)
  region size 1024K, 2 young (2048K), 2 survivors (2048K)
 Metaspace       used 102000K, committed 103104K, reserved 458752K
  class space    used 13721K, committed 14208K, reserved 327680K
}
Event: 3160.450 GC heap before
{Heap before GC invocations=39 (full 0):
 garbage-first heap   total 290816K, used 239198K [0x00000000e0000000, 0x0000000100000000)
  region size 1024K, 82 young (83968K), 2 survivors (2048K)
 Metaspace       used 102084K, committed 103168K, reserved 458752K
  class space    used 13722K, committed 14208K, reserved 327680K
}
Event: 3160.455 GC heap after
{Heap after GC invocations=40 (full 0):
 garbage-first heap   total 290816K, used 161528K [0x00000000e0000000, 0x0000000100000000)
  region size 1024K, 6 young (6144K), 6 survivors (6144K)
 Metaspace       used 102084K, committed 103168K, reserved 458752K
  class space    used 13722K, committed 14208K, reserved 327680K
}

